app/build/intermediates/manifest_merge_blame_file/debug/manifest-merger-blame-debug-report.txt
1<?xml version="1.0" encoding="utf-8"?>
2<manifest xmlns:android="http://schemas.android.com/apk/res/android"
3    package="com.example.booklibrary"
4    android:versionCode="1"
5    android:versionName="1.0" >
6
7    <uses-sdk
8        android:minSdkVersion="21"
8-->src\main\AndroidManifest.xml
9        android:targetSdkVersion="32" />
9-->src\main\AndroidManifest.xml
10
11    <application
11-->src\main\AndroidManifest.xml:5:5-48:19
12        android:allowBackup="true"
12-->src\main\AndroidManifest.xml:6:9-35
13        android:appComponentFactory="androidx.core.app.CoreComponentFactory"
13-->[androidx.core:core:1.8.0] AndroidManifest.xml:24:18-86
14        android:dataExtractionRules="@xml/data_extraction_rules"
14-->src\main\AndroidManifest.xml:7:9-65
15        android:debuggable="true"
16        android:fullBackupContent="@xml/backup_rules"
16-->src\main\AndroidManifest.xml:8:9-54
17        android:icon="@mipmap/ic_launcher"
17-->src\main\AndroidManifest.xml:9:9-43
18        android:label="My Bookshelf"
18-->src\main\AndroidManifest.xml:10:9-37
19        android:roundIcon="@mipmap/ic_launcher_round"
19-->src\main\AndroidManifest.xml:11:9-54
20        android:supportsRtl="true"
20-->src\main\AndroidManifest.xml:12:9-35
21        android:testOnly="true"
22        android:theme="@style/Theme.BookLibrary" >
22-->src\main\AndroidManifest.xml:13:9-49
23        <activity
23-->src\main\AndroidManifest.xml:15:9-22:20
24            android:name="com.example.booklibrary.UpdateActivity"
24-->src\main\AndroidManifest.xml:16:13-43
25            android:exported="false"
25-->src\main\AndroidManifest.xml:17:13-37
26            android:parentActivityName="com.example.booklibrary.MainActivity" >
26-->src\main\AndroidManifest.xml:18:13-55
27            <meta-data
27-->src\main\AndroidManifest.xml:19:13-21:36
28                android:name="android.app.lib_name"
28-->src\main\AndroidManifest.xml:20:17-52
29                android:value="" />
29-->src\main\AndroidManifest.xml:21:17-33
30        </activity>
31        <activity
31-->src\main\AndroidManifest.xml:23:9-31:20
32            android:name="com.example.booklibrary.AddActivity"
32-->src\main\AndroidManifest.xml:24:13-40
33            android:exported="false"
33-->src\main\AndroidManifest.xml:25:13-37
34            android:label="Add Book"
34-->src\main\AndroidManifest.xml:26:13-37
35            android:parentActivityName="com.example.booklibrary.MainActivity" >
35-->src\main\AndroidManifest.xml:27:13-55
36            <meta-data
36-->src\main\AndroidManifest.xml:19:13-21:36
37                android:name="android.app.lib_name"
37-->src\main\AndroidManifest.xml:20:17-52
38                android:value="" />
38-->src\main\AndroidManifest.xml:21:17-33
39        </activity>
40        <!-- > Activity<! -->
41        <activity
41-->src\main\AndroidManifest.xml:33:9-47:20
42            android:name="com.example.booklibrary.MainActivity"
42-->src\main\AndroidManifest.xml:35:13-41
43            android:exported="true"
43-->src\main\AndroidManifest.xml:36:13-36
44            android:label="Test" >
44-->src\main\AndroidManifest.xml:37:13-33
45            <intent-filter>
45-->src\main\AndroidManifest.xml:38:13-42:29
46                <action android:name="android.intent.action.MAIN" />
46-->src\main\AndroidManifest.xml:39:17-69
46-->src\main\AndroidManifest.xml:39:25-66
47
48                <category android:name="android.intent.category.LAUNCHER" />
48-->src\main\AndroidManifest.xml:41:17-77
48-->src\main\AndroidManifest.xml:41:27-74
49            </intent-filter>
50
51            <meta-data
51-->src\main\AndroidManifest.xml:19:13-21:36
52                android:name="android.app.lib_name"
52-->src\main\AndroidManifest.xml:20:17-52
53                android:value="" />
53-->src\main\AndroidManifest.xml:21:17-33
54        </activity>
55
56        <provider
56-->[androidx.emoji2:emoji2:1.2.0] AndroidManifest.xml:24:9-32:20
57            android:name="androidx.startup.InitializationProvider"
57-->[androidx.emoji2:emoji2:1.2.0] AndroidManifest.xml:25:13-67
58            android:authorities="com.example.booklibrary.androidx-startup"
58-->[androidx.emoji2:emoji2:1.2.0] AndroidManifest.xml:26:13-68
59            android:exported="false" >
59-->[androidx.emoji2:emoji2:1.2.0] AndroidManifest.xml:27:13-37
60            <meta-data
60-->[androidx.emoji2:emoji2:1.2.0] AndroidManifest.xml:29:13-31:52
61                android:name="androidx.emoji2.text.EmojiCompatInitializer"
61-->[androidx.emoji2:emoji2:1.2.0] AndroidManifest.xml:30:17-75
62                android:value="androidx.startup" />
62-->[androidx.emoji2:emoji2:1.2.0] AndroidManifest.xml:31:17-49
63            <meta-data
63-->[androidx.lifecycle:lifecycle-process:2.4.1] AndroidManifest.xml:31:13-33:52
64                android:name="androidx.lifecycle.ProcessLifecycleInitializer"
64-->[androidx.lifecycle:lifecycle-process:2.4.1] AndroidManifest.xml:32:17-78
65                android:value="androidx.startup" />
65-->[androidx.lifecycle:lifecycle-process:2.4.1] AndroidManifest.xml:33:17-49
66        </provider>
67    </application>
68
69</manifest>